{"timestamp":"2026-01-28T00:00:21.842407Z","level":"info","event":"Filling up the DagBag from /opt/airflow/dags/dag_pyspark_glue.py","logger":"airflow.models.dagbag.DagBag","filename":"dagbag.py","lineno":593}
{"timestamp":"2026-01-28T00:00:22.614685Z","level":"error","event":"Setting default log level to \"WARN\".","logger":"task.stderr"}
{"timestamp":"2026-01-28T00:00:22.615617Z","level":"error","event":"To adjust logging level use sc.setLogLevel(newLevel). For SparkR, use setLogLevel(newLevel).","logger":"task.stderr"}
{"timestamp":"2026-01-28T00:00:22.706700Z","level":"error","event":"26/01/28 00:00:22 WARN NativeCodeLoader: Unable to load native-hadoop library for your platform... using builtin-java classes where applicable","logger":"task.stderr"}
{"timestamp":"2026-01-28T00:00:23.187233Z","level":"warning","event":"The `airflow.operators.python.PythonOperator` attribute is deprecated. Please use `'airflow.providers.standard.operators.python.PythonOperator'`.","category":"DeprecatedImportWarning","filename":"/opt/airflow/dags/dag_pyspark_glue.py","lineno":3,"logger":"py.warnings"}
{"timestamp":"2026-01-28T00:00:23.187426Z","level":"warning","event":"The `airflow.operators.python.BranchPythonOperator` attribute is deprecated. Please use `'airflow.providers.standard.operators.python.BranchPythonOperator'`.","category":"DeprecatedImportWarning","filename":"/opt/airflow/dags/dag_pyspark_glue.py","lineno":3,"logger":"py.warnings"}
{"timestamp":"2026-01-28T00:00:23.187471Z","level":"warning","event":"The `airflow.operators.empty.EmptyOperator` attribute is deprecated. Please use `'airflow.providers.standard.operators.empty.EmptyOperator'`.","category":"DeprecatedImportWarning","filename":"/opt/airflow/dags/dag_pyspark_glue.py","lineno":4,"logger":"py.warnings"}
{"timestamp":"2026-01-28T00:00:44.531662Z","level":"info","event":"Filling up the DagBag from /opt/airflow/dags/dag_pyspark_glue.py","logger":"airflow.models.dagbag.DagBag","filename":"dagbag.py","lineno":593}
{"timestamp":"2026-01-28T00:00:45.317029Z","level":"error","event":"Setting default log level to \"WARN\".","logger":"task.stderr"}
{"timestamp":"2026-01-28T00:00:45.317298Z","level":"error","event":"To adjust logging level use sc.setLogLevel(newLevel). For SparkR, use setLogLevel(newLevel).","logger":"task.stderr"}
{"timestamp":"2026-01-28T00:00:45.417389Z","level":"error","event":"26/01/28 00:00:45 WARN NativeCodeLoader: Unable to load native-hadoop library for your platform... using builtin-java classes where applicable","logger":"task.stderr"}
{"timestamp":"2026-01-28T00:00:45.897960Z","level":"warning","event":"The `airflow.operators.python.PythonOperator` attribute is deprecated. Please use `'airflow.providers.standard.operators.python.PythonOperator'`.","category":"DeprecatedImportWarning","filename":"/opt/airflow/dags/dag_pyspark_glue.py","lineno":3,"logger":"py.warnings"}
{"timestamp":"2026-01-28T00:00:45.898234Z","level":"warning","event":"The `airflow.operators.python.BranchPythonOperator` attribute is deprecated. Please use `'airflow.providers.standard.operators.python.BranchPythonOperator'`.","category":"DeprecatedImportWarning","filename":"/opt/airflow/dags/dag_pyspark_glue.py","lineno":3,"logger":"py.warnings"}
{"timestamp":"2026-01-28T00:00:45.898274Z","level":"warning","event":"The `airflow.operators.empty.EmptyOperator` attribute is deprecated. Please use `'airflow.providers.standard.operators.empty.EmptyOperator'`.","category":"DeprecatedImportWarning","filename":"/opt/airflow/dags/dag_pyspark_glue.py","lineno":4,"logger":"py.warnings"}
{"timestamp":"2026-01-28T00:01:16.895132Z","level":"info","event":"Filling up the DagBag from /opt/airflow/dags/dag_pyspark_glue.py","logger":"airflow.models.dagbag.DagBag","filename":"dagbag.py","lineno":593}
{"timestamp":"2026-01-28T00:01:17.748371Z","level":"error","event":"Setting default log level to \"WARN\".","logger":"task.stderr"}
{"timestamp":"2026-01-28T00:01:17.748693Z","level":"error","event":"To adjust logging level use sc.setLogLevel(newLevel). For SparkR, use setLogLevel(newLevel).","logger":"task.stderr"}
{"timestamp":"2026-01-28T00:01:17.853107Z","level":"error","event":"26/01/28 00:01:17 WARN NativeCodeLoader: Unable to load native-hadoop library for your platform... using builtin-java classes where applicable","logger":"task.stderr"}
{"timestamp":"2026-01-28T00:01:18.340365Z","level":"warning","event":"The `airflow.operators.python.PythonOperator` attribute is deprecated. Please use `'airflow.providers.standard.operators.python.PythonOperator'`.","category":"DeprecatedImportWarning","filename":"/opt/airflow/dags/dag_pyspark_glue.py","lineno":3,"logger":"py.warnings"}
{"timestamp":"2026-01-28T00:01:18.340476Z","level":"warning","event":"The `airflow.operators.python.BranchPythonOperator` attribute is deprecated. Please use `'airflow.providers.standard.operators.python.BranchPythonOperator'`.","category":"DeprecatedImportWarning","filename":"/opt/airflow/dags/dag_pyspark_glue.py","lineno":3,"logger":"py.warnings"}
{"timestamp":"2026-01-28T00:01:18.340516Z","level":"warning","event":"The `airflow.operators.empty.EmptyOperator` attribute is deprecated. Please use `'airflow.providers.standard.operators.empty.EmptyOperator'`.","category":"DeprecatedImportWarning","filename":"/opt/airflow/dags/dag_pyspark_glue.py","lineno":4,"logger":"py.warnings"}
{"timestamp":"2026-01-28T00:01:49.218396Z","level":"info","event":"Filling up the DagBag from /opt/airflow/dags/dag_pyspark_glue.py","logger":"airflow.models.dagbag.DagBag","filename":"dagbag.py","lineno":593}
{"timestamp":"2026-01-28T00:01:50.046694Z","level":"error","event":"Setting default log level to \"WARN\".","logger":"task.stderr"}
{"timestamp":"2026-01-28T00:01:50.053830Z","level":"error","event":"To adjust logging level use sc.setLogLevel(newLevel). For SparkR, use setLogLevel(newLevel).","logger":"task.stderr"}
{"timestamp":"2026-01-28T00:01:50.196433Z","level":"error","event":"26/01/28 00:01:50 WARN NativeCodeLoader: Unable to load native-hadoop library for your platform... using builtin-java classes where applicable","logger":"task.stderr"}
{"timestamp":"2026-01-28T00:01:50.690007Z","level":"warning","event":"The `airflow.operators.python.PythonOperator` attribute is deprecated. Please use `'airflow.providers.standard.operators.python.PythonOperator'`.","category":"DeprecatedImportWarning","filename":"/opt/airflow/dags/dag_pyspark_glue.py","lineno":3,"logger":"py.warnings"}
{"timestamp":"2026-01-28T00:01:50.690105Z","level":"warning","event":"The `airflow.operators.python.BranchPythonOperator` attribute is deprecated. Please use `'airflow.providers.standard.operators.python.BranchPythonOperator'`.","category":"DeprecatedImportWarning","filename":"/opt/airflow/dags/dag_pyspark_glue.py","lineno":3,"logger":"py.warnings"}
{"timestamp":"2026-01-28T00:01:50.690142Z","level":"warning","event":"The `airflow.operators.empty.EmptyOperator` attribute is deprecated. Please use `'airflow.providers.standard.operators.empty.EmptyOperator'`.","category":"DeprecatedImportWarning","filename":"/opt/airflow/dags/dag_pyspark_glue.py","lineno":4,"logger":"py.warnings"}
{"timestamp":"2026-01-28T00:02:21.161893Z","level":"info","event":"Filling up the DagBag from /opt/airflow/dags/dag_pyspark_glue.py","logger":"airflow.models.dagbag.DagBag","filename":"dagbag.py","lineno":593}
{"timestamp":"2026-01-28T00:02:21.989567Z","level":"error","event":"Setting default log level to \"WARN\".","logger":"task.stderr"}
{"timestamp":"2026-01-28T00:02:21.989906Z","level":"error","event":"To adjust logging level use sc.setLogLevel(newLevel). For SparkR, use setLogLevel(newLevel).","logger":"task.stderr"}
{"timestamp":"2026-01-28T00:02:22.147441Z","level":"error","event":"26/01/28 00:02:22 WARN NativeCodeLoader: Unable to load native-hadoop library for your platform... using builtin-java classes where applicable","logger":"task.stderr"}
{"timestamp":"2026-01-28T00:02:22.791373Z","level":"warning","event":"The `airflow.operators.python.PythonOperator` attribute is deprecated. Please use `'airflow.providers.standard.operators.python.PythonOperator'`.","category":"DeprecatedImportWarning","filename":"/opt/airflow/dags/dag_pyspark_glue.py","lineno":3,"logger":"py.warnings"}
{"timestamp":"2026-01-28T00:02:22.791478Z","level":"warning","event":"The `airflow.operators.python.BranchPythonOperator` attribute is deprecated. Please use `'airflow.providers.standard.operators.python.BranchPythonOperator'`.","category":"DeprecatedImportWarning","filename":"/opt/airflow/dags/dag_pyspark_glue.py","lineno":3,"logger":"py.warnings"}
{"timestamp":"2026-01-28T00:02:22.791518Z","level":"warning","event":"The `airflow.operators.empty.EmptyOperator` attribute is deprecated. Please use `'airflow.providers.standard.operators.empty.EmptyOperator'`.","category":"DeprecatedImportWarning","filename":"/opt/airflow/dags/dag_pyspark_glue.py","lineno":4,"logger":"py.warnings"}
{"timestamp":"2026-01-28T00:02:53.257836Z","level":"info","event":"Filling up the DagBag from /opt/airflow/dags/dag_pyspark_glue.py","logger":"airflow.models.dagbag.DagBag","filename":"dagbag.py","lineno":593}
{"timestamp":"2026-01-28T00:02:54.194934Z","level":"error","event":"Setting default log level to \"WARN\".","logger":"task.stderr"}
{"timestamp":"2026-01-28T00:02:54.195291Z","level":"error","event":"To adjust logging level use sc.setLogLevel(newLevel). For SparkR, use setLogLevel(newLevel).","logger":"task.stderr"}
{"timestamp":"2026-01-28T00:02:54.287390Z","level":"error","event":"26/01/28 00:02:54 WARN NativeCodeLoader: Unable to load native-hadoop library for your platform... using builtin-java classes where applicable","logger":"task.stderr"}
{"timestamp":"2026-01-28T00:02:54.747057Z","level":"warning","event":"The `airflow.operators.python.PythonOperator` attribute is deprecated. Please use `'airflow.providers.standard.operators.python.PythonOperator'`.","category":"DeprecatedImportWarning","filename":"/opt/airflow/dags/dag_pyspark_glue.py","lineno":3,"logger":"py.warnings"}
{"timestamp":"2026-01-28T00:02:54.747142Z","level":"warning","event":"The `airflow.operators.python.BranchPythonOperator` attribute is deprecated. Please use `'airflow.providers.standard.operators.python.BranchPythonOperator'`.","category":"DeprecatedImportWarning","filename":"/opt/airflow/dags/dag_pyspark_glue.py","lineno":3,"logger":"py.warnings"}
{"timestamp":"2026-01-28T00:02:54.747174Z","level":"warning","event":"The `airflow.operators.empty.EmptyOperator` attribute is deprecated. Please use `'airflow.providers.standard.operators.empty.EmptyOperator'`.","category":"DeprecatedImportWarning","filename":"/opt/airflow/dags/dag_pyspark_glue.py","lineno":4,"logger":"py.warnings"}
